C51 COMPILER V9.57.0.0   DELAY                                                             04/25/2024 15:03:35 PAGE 1   


C51 COMPILER V9.57.0.0, COMPILATION OF MODULE DELAY
OBJECT MODULE PLACED IN .\Objects\delay.obj
COMPILER INVOKED BY: C:\Keil_v5\C51\BIN\C51.EXE delay.c OMF2 OPTIMIZE(8,SPEED) BROWSE DEBUG PRINT(.\Listings\delay.lst) 
                    -OBJECT(.\Objects\delay.obj)

line level    source

   1          /********************************************************************
   2           * Copyright(c) 2023-2023 Grayson Zheng.
   3           * File: delay.h
   4           * Description: Delay function library based on 11.0592MHz
   5           * crystal oscillator.
   6           * Version: 1.0
   7           * Date: 2023-07-17
   8           * Author: zhengxinyu13@gmail.com
   9           * ---------- Revision History ----------
  10           * <version>
  11           * <date>
  12           * <author>
  13           * <desc>
  14           * Modified to be suitable to the new coding rules in all functions.
  15           ********************************************************************/
  16          
  17          #include "delay.h"
  18          
  19          /**
  20           * @brief Delay function in milliseconds.
  21           * @param Enter the delay time in milliseconds.
  22           */
  23          void delay_ms(uint16_t xms)
  24          {
  25   1          uint16_t i,j;
  26   1          for (i = 0; i < xms; i++)
  27   1              for (j = 0; j < 112; j++);
  28   1      }
  29          
  30          /**
  31           * @brief Delay by one second.
  32           */
  33          void delay_1s(void)
  34          {
  35   1          uint8_t i, j, k;
  36   1      
  37   1          _nop_();
  38   1          i = 8;
  39   1          j = 1;
  40   1          k = 243;
  41   1          do {
  42   2              do {
  43   3                  while (--k);
  44   3              } while (--j);
  45   2          } while (--i);
  46   1      }


MODULE INFORMATION:   STATIC OVERLAYABLE
   CODE SIZE        =     46    ----
   CONSTANT SIZE    =   ----    ----
   XDATA SIZE       =   ----    ----
   PDATA SIZE       =   ----    ----
   DATA SIZE        =   ----    ----
C51 COMPILER V9.57.0.0   DELAY                                                             04/25/2024 15:03:35 PAGE 2   

   IDATA SIZE       =   ----    ----
   BIT SIZE         =   ----    ----
   EDATA SIZE       =   ----    ----
   HDATA SIZE       =   ----    ----
   XDATA CONST SIZE =   ----    ----
   FAR CONST SIZE   =   ----    ----
END OF MODULE INFORMATION.


C51 COMPILATION COMPLETE.  0 WARNING(S),  0 ERROR(S)
