C51 COMPILER V9.57.0.0   MAIN                                                              05/08/2024 15:13:19 PAGE 1   


C51 COMPILER V9.57.0.0, COMPILATION OF MODULE MAIN
OBJECT MODULE PLACED IN .\Objects\main.obj
COMPILER INVOKED BY: C:\Keil_v5\C51\BIN\C51.EXE main.c OMF2 OPTIMIZE(8,SPEED) BROWSE DEBUG PRINT(.\Listings\main.lst) OB
                    -JECT(.\Objects\main.obj)

line level    source

   1          /********************************************************************
   2           * File: 
   3           * Description: 
   4           * Version: 
   5           * Date: 
   6           * Author: 
   7           * ---------- Revision History ----------
   8           * <version>
   9           * <date>
  10           * <author>
  11           * <desc>
  12           * Modified to be suitable to the new coding rules in all functions.
  13           ********************************************************************/
  14          
  15          #include "main.h"
  16          
  17          /* User Code Includes */
  18          
  19          /* User Code Define */
  20          
  21          /* User Code Global Variables */
  22          
  23          /* User Code Function prototypes */
  24          
  25          
  26          /* ------------------------------ Division Line ------------------------------ */
  27          
  28          /**
  29           * @brief Initialize all configured.
  30           */
  31          void setup(void)
  32          {
  33   1          /* put your setup code here, to run once: */
  34   1          
  35   1      }
  36          
  37          /**
  38           * @brief The application entry point.
  39           */
  40          void main(void)
  41          {
  42   1          /* Private variables */
  43   1          
  44   1          /* Initialize */
  45   1          setup();
  46   1              /* Infinite loop */
  47   1          while (TRUE){
  48   2              /* put your main code here, to run repeatedly: */
  49   2              
  50   2          }
  51   1      }


MODULE INFORMATION:   STATIC OVERLAYABLE
C51 COMPILER V9.57.0.0   MAIN                                                              05/08/2024 15:13:19 PAGE 2   

   CODE SIZE        =      6    ----
   CONSTANT SIZE    =   ----    ----
   XDATA SIZE       =   ----    ----
   PDATA SIZE       =   ----    ----
   DATA SIZE        =   ----    ----
   IDATA SIZE       =   ----    ----
   BIT SIZE         =   ----    ----
   EDATA SIZE       =   ----    ----
   HDATA SIZE       =   ----    ----
   XDATA CONST SIZE =   ----    ----
   FAR CONST SIZE   =   ----    ----
END OF MODULE INFORMATION.


C51 COMPILATION COMPLETE.  0 WARNING(S),  0 ERROR(S)
